# JRE version: OpenJDK Runtime Environment Temurin-21.0.6+7 (21.0.6+7) (build 21.0.6+7-LTS)
# Java VM: OpenJDK 64-Bit Server VM Temurin-21.0.6+7 (21.0.6+7-LTS, mixed mode, sharing, tiered, compressed oops, compressed class ptrs, parallel gc, windows-amd64)
GC Precious Log:
 CardTable entry size: 512
 CPUs: 8 total, 8 available
 Memory: 7926M
 Large Page Support: Disabled
 NUMA Support: Disabled
 Compressed Oops: Enabled (32-bit)
 Alignments: Space 512K, Generation 512K, Heap 2M
 Heap Min Capacity: 100M
 Heap Initial Capacity: 100M
 Heap Max Capacity: 1G
 Pre-touch: Disabled
 Parallel Workers: 8
Heap:
 PSYoungGen      total 19456K, used 19453K [0x00000000eab00000, 0x00000000ec180000, 0x0000000100000000)
  eden space 15872K, 100% used [0x00000000eab00000,0x00000000eba80000,0x00000000eba80000)
  from space 3584K, 99% used [0x00000000eba80000,0x00000000ebdff428,0x00000000ebe00000)
  to   space 3584K, 99% used [0x00000000ebe00000,0x00000000ec17f570,0x00000000ec180000)
 ParOldGen       total 268288K, used 267919K [0x00000000c0000000, 0x00000000d0600000, 0x00000000eab00000)
  object space 268288K, 99% used [0x00000000c0000000,0x00000000d05a3e28,0x00000000d0600000)
 Metaspace       used 49428K, committed 50560K, reserved 1114112K
  class space    used 5116K, committed 5568K, reserved 1048576K
GC Heap History (20 events):
Event: 62.732 GC heap after
{Heap after GC invocations=115 (full 3):
 PSYoungGen      total 16384K, used 3058K [0x00000000eab00000, 0x00000000ec280000, 0x0000000100000000)
  eden space 13312K, 0% used [0x00000000eab00000,0x00000000eab00000,0x00000000eb800000)
  from space 3072K, 99% used [0x00000000ebb80000,0x00000000ebe7cbc0,0x00000000ebe80000)
  to   space 3584K, 0% used [0x00000000eb800000,0x00000000eb800000,0x00000000ebb80000)
 ParOldGen       total 262144K, used 230853K [0x00000000c0000000, 0x00000000d0000000, 0x00000000eab00000)
  object space 262144K, 88% used [0x00000000c0000000,0x00000000ce171498,0x00000000d0000000)
 Metaspace       used 49425K, committed 50560K, reserved 1114112K
  class space    used 5116K, committed 5568K, reserved 1048576K
}
Event: 62.784 GC heap before
{Heap before GC invocations=116 (full 3):
 PSYoungGen      total 16384K, used 16370K [0x00000000eab00000, 0x00000000ec280000, 0x0000000100000000)
  eden space 13312K, 100% used [0x00000000eab00000,0x00000000eb800000,0x00000000eb800000)
  from space 3072K, 99% used [0x00000000ebb80000,0x00000000ebe7cbc0,0x00000000ebe80000)
  to   space 3584K, 0% used [0x00000000eb800000,0x00000000eb800000,0x00000000ebb80000)
 ParOldGen       total 262144K, used 230853K [0x00000000c0000000, 0x00000000d0000000, 0x00000000eab00000)
  object space 262144K, 88% used [0x00000000c0000000,0x00000000ce171498,0x00000000d0000000)
 Metaspace       used 49425K, committed 50560K, reserved 1114112K
  class space    used 5116K, committed 5568K, reserved 1048576K
}
Event: 62.788 GC heap after
{Heap after GC invocations=116 (full 3):
 PSYoungGen      total 16896K, used 3229K [0x00000000eab00000, 0x00000000ec180000, 0x0000000100000000)
  eden space 13312K, 0% used [0x00000000eab00000,0x00000000eab00000,0x00000000eb800000)
  from space 3584K, 90% used [0x00000000eb800000,0x00000000ebb27720,0x00000000ebb80000)
  to   space 3584K, 0% used [0x00000000ebe00000,0x00000000ebe00000,0x00000000ec180000)
 ParOldGen       total 262144K, used 233587K [0x00000000c0000000, 0x00000000d0000000, 0x00000000eab00000)
  object space 262144K, 89% used [0x00000000c0000000,0x00000000ce41ccd8,0x00000000d0000000)
 Metaspace       used 49425K, committed 50560K, reserved 1114112K
  class space    used 5116K, committed 5568K, reserved 1048576K
}
Event: 62.827 GC heap before
{Heap before GC invocations=117 (full 3):
 PSYoungGen      total 16896K, used 16541K [0x00000000eab00000, 0x00000000ec180000, 0x0000000100000000)
  eden space 13312K, 100% used [0x00000000eab00000,0x00000000eb800000,0x00000000eb800000)
  from space 3584K, 90% used [0x00000000eb800000,0x00000000ebb27720,0x00000000ebb80000)
  to   space 3584K, 0% used [0x00000000ebe00000,0x00000000ebe00000,0x00000000ec180000)
 ParOldGen       total 262144K, used 233587K [0x00000000c0000000, 0x00000000d0000000, 0x00000000eab00000)
  object space 262144K, 89% used [0x00000000c0000000,0x00000000ce41ccd8,0x00000000d0000000)
 Metaspace       used 49425K, committed 50560K, reserved 1114112K
  class space    used 5116K, committed 5568K, reserved 1048576K
}
Event: 62.832 GC heap after
{Heap after GC invocations=117 (full 3):
 PSYoungGen      total 19456K, used 3361K [0x00000000eab00000, 0x00000000ec180000, 0x0000000100000000)
  eden space 15872K, 0% used [0x00000000eab00000,0x00000000eab00000,0x00000000eba80000)
  from space 3584K, 93% used [0x00000000ebe00000,0x00000000ec148708,0x00000000ec180000)
  to   space 3584K, 0% used [0x00000000eba80000,0x00000000eba80000,0x00000000ebe00000)
 ParOldGen       total 262144K, used 236592K [0x00000000c0000000, 0x00000000d0000000, 0x00000000eab00000)
  object space 262144K, 90% used [0x00000000c0000000,0x00000000ce70c2f0,0x00000000d0000000)
 Metaspace       used 49425K, committed 50560K, reserved 1114112K
  class space    used 5116K, committed 5568K, reserved 1048576K
}
Event: 62.890 GC heap before
{Heap before GC invocations=118 (full 3):
 PSYoungGen      total 19456K, used 19233K [0x00000000eab00000, 0x00000000ec180000, 0x0000000100000000)
  eden space 15872K, 100% used [0x00000000eab00000,0x00000000eba80000,0x00000000eba80000)
  from space 3584K, 93% used [0x00000000ebe00000,0x00000000ec148708,0x00000000ec180000)
  to   space 3584K, 0% used [0x00000000eba80000,0x00000000eba80000,0x00000000ebe00000)
 ParOldGen       total 262144K, used 236592K [0x00000000c0000000, 0x00000000d0000000, 0x00000000eab00000)
  object space 262144K, 90% used [0x00000000c0000000,0x00000000ce70c2f0,0x00000000d0000000)
 Metaspace       used 49428K, committed 50560K, reserved 1114112K
  class space    used 5116K, committed 5568K, reserved 1048576K
}
Event: 64.914 GC heap after
{Heap after GC invocations=118 (full 3):
 PSYoungGen      total 19456K, used 3582K [0x00000000eab00000, 0x00000000ec180000, 0x0000000100000000)
  eden space 15872K, 0% used [0x00000000eab00000,0x00000000eab00000,0x00000000eba80000)
  from space 3584K, 99% used [0x00000000eba80000,0x00000000ebdffba8,0x00000000ebe00000)
  to   space 3584K, 0% used [0x00000000ebe00000,0x00000000ebe00000,0x00000000ec180000)
 ParOldGen       total 262144K, used 239965K [0x00000000c0000000, 0x00000000d0000000, 0x00000000eab00000)
  object space 262144K, 91% used [0x00000000c0000000,0x00000000cea57690,0x00000000d0000000)
 Metaspace       used 49428K, committed 50560K, reserved 1114112K
  class space    used 5116K, committed 5568K, reserved 1048576K
}
Event: 64.989 GC heap before
{Heap before GC invocations=119 (full 3):
 PSYoungGen      total 19456K, used 19454K [0x00000000eab00000, 0x00000000ec180000, 0x0000000100000000)
  eden space 15872K, 100% used [0x00000000eab00000,0x00000000eba80000,0x00000000eba80000)
  from space 3584K, 99% used [0x00000000eba80000,0x00000000ebdffba8,0x00000000ebe00000)
  to   space 3584K, 0% used [0x00000000ebe00000,0x00000000ebe00000,0x00000000ec180000)
 ParOldGen       total 262144K, used 239965K [0x00000000c0000000, 0x00000000d0000000, 0x00000000eab00000)
  object space 262144K, 91% used [0x00000000c0000000,0x00000000cea57690,0x00000000d0000000)
 Metaspace       used 49428K, committed 50560K, reserved 1114112K
  class space    used 5116K, committed 5568K, reserved 1048576K
}
Event: 67.002 GC heap after
{Heap after GC invocations=119 (full 3):
 PSYoungGen      total 19456K, used 3471K [0x00000000eab00000, 0x00000000ec180000, 0x0000000100000000)
  eden space 15872K, 0% used [0x00000000eab00000,0x00000000eab00000,0x00000000eba80000)
  from space 3584K, 96% used [0x00000000ebe00000,0x00000000ec163c08,0x00000000ec180000)
  to   space 3584K, 0% used [0x00000000eba80000,0x00000000eba80000,0x00000000ebe00000)
 ParOldGen       total 262144K, used 243065K [0x00000000c0000000, 0x00000000d0000000, 0x00000000eab00000)
  object space 262144K, 92% used [0x00000000c0000000,0x00000000ced5e700,0x00000000d0000000)
 Metaspace       used 49428K, committed 50560K, reserved 1114112K
  class space    used 5116K, committed 5568K, reserved 1048576K
}
Event: 68.073 GC heap before
{Heap before GC invocations=120 (full 3):
 PSYoungGen      total 19456K, used 19343K [0x00000000eab00000, 0x00000000ec180000, 0x0000000100000000)
  eden space 15872K, 100% used [0x00000000eab00000,0x00000000eba80000,0x00000000eba80000)
  from space 3584K, 96% used [0x00000000ebe00000,0x00000000ec163c08,0x00000000ec180000)
  to   space 3584K, 0% used [0x00000000eba80000,0x00000000eba80000,0x00000000ebe00000)
 ParOldGen       total 262144K, used 243065K [0x00000000c0000000, 0x00000000d0000000, 0x00000000eab00000)
  object space 262144K, 92% used [0x00000000c0000000,0x00000000ced5e700,0x00000000d0000000)
 Metaspace       used 49428K, committed 50560K, reserved 1114112K
  class space    used 5116K, committed 5568K, reserved 1048576K
}
Event: 70.081 GC heap after
{Heap after GC invocations=120 (full 3):
 PSYoungGen      total 19456K, used 3581K [0x00000000eab00000, 0x00000000ec180000, 0x0000000100000000)
  eden space 15872K, 0% used [0x00000000eab00000,0x00000000eab00000,0x00000000eba80000)
  from space 3584K, 99% used [0x00000000eba80000,0x00000000ebdff528,0x00000000ebe00000)
  to   space 3584K, 0% used [0x00000000ebe00000,0x00000000ebe00000,0x00000000ec180000)
 ParOldGen       total 262144K, used 246417K [0x00000000c0000000, 0x00000000d0000000, 0x00000000eab00000)
  object space 262144K, 94% used [0x00000000c0000000,0x00000000cf0a4778,0x00000000d0000000)
 Metaspace       used 49428K, committed 50560K, reserved 1114112K
  class space    used 5116K, committed 5568K, reserved 1048576K
}
Event: 70.136 GC heap before
{Heap before GC invocations=121 (full 3):
 PSYoungGen      total 19456K, used 19453K [0x00000000eab00000, 0x00000000ec180000, 0x0000000100000000)
  eden space 15872K, 100% used [0x00000000eab00000,0x00000000eba80000,0x00000000eba80000)
  from space 3584K, 99% used [0x00000000eba80000,0x00000000ebdff528,0x00000000ebe00000)
  to   space 3584K, 0% used [0x00000000ebe00000,0x00000000ebe00000,0x00000000ec180000)
 ParOldGen       total 262144K, used 246417K [0x00000000c0000000, 0x00000000d0000000, 0x00000000eab00000)
  object space 262144K, 94% used [0x00000000c0000000,0x00000000cf0a4778,0x00000000d0000000)
 Metaspace       used 49428K, committed 50560K, reserved 1114112K
  class space    used 5116K, committed 5568K, reserved 1048576K
}
Event: 72.152 GC heap after
{Heap after GC invocations=121 (full 3):
 PSYoungGen      total 19456K, used 3555K [0x00000000eab00000, 0x00000000ec180000, 0x0000000100000000)
  eden space 15872K, 0% used [0x00000000eab00000,0x00000000eab00000,0x00000000eba80000)
  from space 3584K, 99% used [0x00000000ebe00000,0x00000000ec178cd8,0x00000000ec180000)
  to   space 3584K, 0% used [0x00000000eba80000,0x00000000eba80000,0x00000000ebe00000)
 ParOldGen       total 262144K, used 250007K [0x00000000c0000000, 0x00000000d0000000, 0x00000000eab00000)
  object space 262144K, 95% used [0x00000000c0000000,0x00000000cf425e70,0x00000000d0000000)
 Metaspace       used 49428K, committed 50560K, reserved 1114112K
  class space    used 5116K, committed 5568K, reserved 1048576K
}
Event: 72.225 GC heap before
{Heap before GC invocations=122 (full 3):
 PSYoungGen      total 19456K, used 19427K [0x00000000eab00000, 0x00000000ec180000, 0x0000000100000000)
  eden space 15872K, 100% used [0x00000000eab00000,0x00000000eba80000,0x00000000eba80000)
  from space 3584K, 99% used [0x00000000ebe00000,0x00000000ec178cd8,0x00000000ec180000)
  to   space 3584K, 0% used [0x00000000eba80000,0x00000000eba80000,0x00000000ebe00000)
 ParOldGen       total 262144K, used 250007K [0x00000000c0000000, 0x00000000d0000000, 0x00000000eab00000)
  object space 262144K, 95% used [0x00000000c0000000,0x00000000cf425e70,0x00000000d0000000)
 Metaspace       used 49428K, committed 50560K, reserved 1114112K
  class space    used 5116K, committed 5568K, reserved 1048576K
}
Event: 74.242 GC heap after
{Heap after GC invocations=122 (full 3):
 PSYoungGen      total 19456K, used 3581K [0x00000000eab00000, 0x00000000ec180000, 0x0000000100000000)
  eden space 15872K, 0% used [0x00000000eab00000,0x00000000eab00000,0x00000000eba80000)
  from space 3584K, 99% used [0x00000000eba80000,0x00000000ebdff598,0x00000000ebe00000)
  to   space 3584K, 0% used [0x00000000ebe00000,0x00000000ebe00000,0x00000000ec180000)
 ParOldGen       total 262144K, used 254252K [0x00000000c0000000, 0x00000000d0000000, 0x00000000eab00000)
  object space 262144K, 96% used [0x00000000c0000000,0x00000000cf84b3a0,0x00000000d0000000)
 Metaspace       used 49428K, committed 50560K, reserved 1114112K
  class space    used 5116K, committed 5568K, reserved 1048576K
}
Event: 74.314 GC heap before
{Heap before GC invocations=123 (full 3):
 PSYoungGen      total 19456K, used 19453K [0x00000000eab00000, 0x00000000ec180000, 0x0000000100000000)
  eden space 15872K, 100% used [0x00000000eab00000,0x00000000eba80000,0x00000000eba80000)
  from space 3584K, 99% used [0x00000000eba80000,0x00000000ebdff598,0x00000000ebe00000)
  to   space 3584K, 0% used [0x00000000ebe00000,0x00000000ebe00000,0x00000000ec180000)
 ParOldGen       total 262144K, used 254252K [0x00000000c0000000, 0x00000000d0000000, 0x00000000eab00000)
  object space 262144K, 96% used [0x00000000c0000000,0x00000000cf84b3a0,0x00000000d0000000)
 Metaspace       used 49428K, committed 50560K, reserved 1114112K
  class space    used 5116K, committed 5568K, reserved 1048576K
}
Event: 76.327 GC heap after
{Heap after GC invocations=123 (full 3):
 PSYoungGen      total 19456K, used 3564K [0x00000000eab00000, 0x00000000ec180000, 0x0000000100000000)
  eden space 15872K, 0% used [0x00000000eab00000,0x00000000eab00000,0x00000000eba80000)
  from space 3584K, 99% used [0x00000000ebe00000,0x00000000ec17b220,0x00000000ec180000)
  to   space 3584K, 0% used [0x00000000eba80000,0x00000000eba80000,0x00000000ebe00000)
 ParOldGen       total 262144K, used 258349K [0x00000000c0000000, 0x00000000d0000000, 0x00000000eab00000)
  object space 262144K, 98% used [0x00000000c0000000,0x00000000cfc4b638,0x00000000d0000000)
 Metaspace       used 49428K, committed 50560K, reserved 1114112K
  class space    used 5116K, committed 5568K, reserved 1048576K
}
Event: 76.370 GC heap before
{Heap before GC invocations=124 (full 3):
 PSYoungGen      total 19456K, used 19436K [0x00000000eab00000, 0x00000000ec180000, 0x0000000100000000)
  eden space 15872K, 100% used [0x00000000eab00000,0x00000000eba80000,0x00000000eba80000)
  from space 3584K, 99% used [0x00000000ebe00000,0x00000000ec17b220,0x00000000ec180000)
  to   space 3584K, 0% used [0x00000000eba80000,0x00000000eba80000,0x00000000ebe00000)
 ParOldGen       total 262144K, used 258349K [0x00000000c0000000, 0x00000000d0000000, 0x00000000eab00000)
  object space 262144K, 98% used [0x00000000c0000000,0x00000000cfc4b638,0x00000000d0000000)
 Metaspace       used 49428K, committed 50560K, reserved 1114112K
  class space    used 5116K, committed 5568K, reserved 1048576K
}
Event: 79.385 GC heap after
{Heap after GC invocations=124 (full 3):
 PSYoungGen      total 19456K, used 3581K [0x00000000eab00000, 0x00000000ec180000, 0x0000000100000000)
  eden space 15872K, 0% used [0x00000000eab00000,0x00000000eab00000,0x00000000eba80000)
  from space 3584K, 99% used [0x00000000eba80000,0x00000000ebdff428,0x00000000ebe00000)
  to   space 3584K, 0% used [0x00000000ebe00000,0x00000000ebe00000,0x00000000ec180000)
 ParOldGen       total 263168K, used 262853K [0x00000000c0000000, 0x00000000d0100000, 0x00000000eab00000)
  object space 263168K, 99% used [0x00000000c0000000,0x00000000d00b14d0,0x00000000d0100000)
 Metaspace       used 49428K, committed 50560K, reserved 1114112K
  class space    used 5116K, committed 5568K, reserved 1048576K
}
Event: 79.432 GC heap before
{Heap before GC invocations=125 (full 3):
 PSYoungGen      total 19456K, used 19453K [0x00000000eab00000, 0x00000000ec180000, 0x0000000100000000)
  eden space 15872K, 100% used [0x00000000eab00000,0x00000000eba80000,0x00000000eba80000)
  from space 3584K, 99% used [0x00000000eba80000,0x00000000ebdff428,0x00000000ebe00000)
  to   space 3584K, 0% used [0x00000000ebe00000,0x00000000ebe00000,0x00000000ec180000)
 ParOldGen       total 263168K, used 262853K [0x00000000c0000000, 0x00000000d0100000, 0x00000000eab00000)
  object space 263168K, 99% used [0x00000000c0000000,0x00000000d00b14d0,0x00000000d0100000)
 Metaspace       used 49428K, committed 50560K, reserved 1114112K
  class space    used 5116K, committed 5568K, reserved 1048576K
}

